<?xml version="1.0" encoding="utf-8"?><testsuites><testsuite name="pytest" errors="1" failures="0" skipped="0" tests="1" time="9.591" timestamp="2024-04-24T18:56:50.937888" hostname="MacBook-Air-de-Alejandro.local"><testcase classname="" name="tests.model.test_model" time="0.000"><error message="collection failure">ImportError while importing test module '/Users/alejandrolopez/Documents/software-proyects/latamChallenge/tests/model/test_model.py'.
Hint: make sure your test modules/packages have valid Python names.
Traceback:
../../../.pyenv/versions/3.9.2/lib/python3.9/importlib/__init__.py:127: in import_module
    return _bootstrap._gcd_import(name[level:], package, level)
tests/model/test_model.py:4: in &lt;module&gt;
    from sklearn.metrics import classification_report
E   ModuleNotFoundError: No module named 'sklearn'</error></testcase></testsuite></testsuites>